Using pre-set license
Built from '2020.3/staging' branch; Version is '2020.3.5f1 (8095aa901b9b) revision 8426922'; Using compiler version '192528614'; Build Type 'Release'
OS: 'Windows 10 Home; OS build 19042.985; Version 2009; 64bit' Language: 'en' Physical Memory: 16344 MB
BatchMode: 1, IsHumanControllingUs: 0, StartBugReporterOnCrash: 0, Is64bit: 1, IsPro: 0

 COMMAND LINE ARGUMENTS:
G:\Program Files\Unity\2020.3.5f1\Editor\Unity.exe
-adb2
-batchMode
-noUpm
-name
AssetImportWorker0
-projectPath
G:/Users/RowanofRohan/Documents/Unity/Space Shooter
-logFile
Logs/AssetImportWorker0.log
-srvPort
57976
Successfully changed project path to: G:/Users/RowanofRohan/Documents/Unity/Space Shooter
G:/Users/RowanofRohan/Documents/Unity/Space Shooter
Using Asset Import Pipeline V2.
Refreshing native plugins compatible for Editor in 29.56 ms, found 0 plugins.
Preloading 0 native plugins for Editor in 0.00 ms.
Initialize engine version: 2020.3.5f1 (8095aa901b9b)
[Subsystems] Discovering subsystems at path G:/Program Files/Unity/2020.3.5f1/Editor/Data/Resources/UnitySubsystems
[Subsystems] Discovering subsystems at path G:/Users/RowanofRohan/Documents/Unity/Space Shooter/Assets
GfxDevice: creating device client; threaded=0
Direct3D:
    Version:  Direct3D 11.0 [level 11.1]
    Renderer: NVIDIA GeForce GTX 970 (ID=0x13c2)
    Vendor:   
    VRAM:     4043 MB
    Driver:   27.21.14.6089
Initialize mono
Mono path[0] = 'G:/Program Files/Unity/2020.3.5f1/Editor/Data/Managed'
Mono path[1] = 'G:/Program Files/Unity/2020.3.5f1/Editor/Data/MonoBleedingEdge/lib/mono/unityjit'
Mono config path = 'G:/Program Files/Unity/2020.3.5f1/Editor/Data/MonoBleedingEdge/etc'
Using monoOptions --debugger-agent=transport=dt_socket,embedding=1,server=y,suspend=n,address=127.0.0.1:56632
Begin MonoManager ReloadAssembly
Registering precompiled unity dll's ...
Register platform support module: G:/Program Files/Unity/2020.3.5f1/Editor/Data/PlaybackEngines/WindowsStandaloneSupport/UnityEditor.WindowsStandalone.Extensions.dll
Registered in 0.000929 seconds.
Native extension for WindowsStandalone target not found
Refreshing native plugins compatible for Editor in 19.42 ms, found 0 plugins.
Preloading 0 native plugins for Editor in 0.00 ms.
Mono: successfully reloaded assembly
- Completed reload, in 15.363 seconds
Platform modules already initialized, skipping
Registering precompiled user dll's ...
Registered in 0.000475 seconds.
Begin MonoManager ReloadAssembly
Native extension for WindowsStandalone target not found
Refreshing native plugins compatible for Editor in 0.20 ms, found 0 plugins.
Preloading 0 native plugins for Editor in 0.00 ms.
Mono: successfully reloaded assembly
- Completed reload, in  0.715 seconds
Platform modules already initialized, skipping
========================================================================
Worker process is ready to serve import requests
Launched and connected shader compiler UnityShaderCompiler.exe after 0.17 seconds
Refreshing native plugins compatible for Editor in 0.23 ms, found 0 plugins.
Preloading 0 native plugins for Editor in 0.00 ms.
Unloading 1116 Unused Serialized files (Serialized files now loaded: 0)
System memory in use before: 57.2 MB.
System memory in use after: 57.2 MB.

Unloading 10 unused Assets to reduce memory usage. Loaded Objects now: 1558.
Total: 2.068900 ms (FindLiveObjects: 0.112200 ms CreateObjectMapping: 0.040200 ms MarkObjects: 1.849500 ms  DeleteObjects: 0.066100 ms)

========================================================================
Received Import Request.
  path: Assets/Prefabs/Laser.prefab
  artifactKey: Guid(219c07c51b11bab46b29b92a125fba2e) Importer(815301076,1909f56bfc062723c751e8b465ee728b)
Start importing Assets/Prefabs/Laser.prefab using Guid(219c07c51b11bab46b29b92a125fba2e) Importer(815301076,1909f56bfc062723c751e8b465ee728b)  -> (artifact id: '2ab8cce2848251b0c4101e329be82640') in 0.354916 seconds
  Import took 0.374758 seconds .

========================================================================
Received Import Request.
  Time since last request: 91.268152 seconds.
  path: Assets/Prefabs/Laser.prefab
  artifactKey: Guid(219c07c51b11bab46b29b92a125fba2e) Importer(815301076,1909f56bfc062723c751e8b465ee728b)
Start importing Assets/Prefabs/Laser.prefab using Guid(219c07c51b11bab46b29b92a125fba2e) Importer(815301076,1909f56bfc062723c751e8b465ee728b)  -> (artifact id: 'fad8953471664514139c961bc4bb99a9') in 0.007357 seconds
  Import took 0.009983 seconds .

========================================================================
Received Import Request.
  Time since last request: 0.000559 seconds.
  path: Assets/Prefabs/Laser.prefab
  artifactKey: Guid(219c07c51b11bab46b29b92a125fba2e) Importer(815301076,1909f56bfc062723c751e8b465ee728b)
Start importing Assets/Prefabs/Laser.prefab using Guid(219c07c51b11bab46b29b92a125fba2e) Importer(815301076,1909f56bfc062723c751e8b465ee728b)  -> (artifact id: 'fad8953471664514139c961bc4bb99a9') in 0.008678 seconds
  Import took 0.011590 seconds .

========================================================================
Received Prepare
Registering precompiled user dll's ...
Registered in 0.001990 seconds.
Begin MonoManager ReloadAssembly
Native extension for WindowsStandalone target not found
Refreshing native plugins compatible for Editor in 0.18 ms, found 0 plugins.
Preloading 0 native plugins for Editor in 0.00 ms.
Mono: successfully reloaded assembly
- Completed reload, in  0.711 seconds
Platform modules already initialized, skipping
Refreshing native plugins compatible for Editor in 0.18 ms, found 0 plugins.
Preloading 0 native plugins for Editor in 0.00 ms.
Unloading 1111 Unused Serialized files (Serialized files now loaded: 0)
System memory in use before: 60.3 MB.
System memory in use after: 60.3 MB.

Unloading 6 unused Assets to reduce memory usage. Loaded Objects now: 1569.
Total: 1.752000 ms (FindLiveObjects: 0.219000 ms CreateObjectMapping: 0.064900 ms MarkObjects: 1.416800 ms  DeleteObjects: 0.050000 ms)

========================================================================
Received Import Request.
  Time since last request: 695.677470 seconds.
  path: Assets/Scripts/Player.cs
  artifactKey: Guid(6862985006160e6439d84922ea2b747f) Importer(815301076,1909f56bfc062723c751e8b465ee728b)
Start importing Assets/Scripts/Player.cs using Guid(6862985006160e6439d84922ea2b747f) Importer(815301076,1909f56bfc062723c751e8b465ee728b)  -> (artifact id: '8c40179ffb825ccedce4e6a207a9d0d7') in 0.018807 seconds
  Import took 0.020619 seconds .

========================================================================
Received Import Request.
  Time since last request: 0.013798 seconds.
  path: Assets/Scripts/Player.cs
  artifactKey: Guid(6862985006160e6439d84922ea2b747f) Importer(815301076,1909f56bfc062723c751e8b465ee728b)
Start importing Assets/Scripts/Player.cs using Guid(6862985006160e6439d84922ea2b747f) Importer(815301076,1909f56bfc062723c751e8b465ee728b)  -> (artifact id: '8c40179ffb825ccedce4e6a207a9d0d7') in 0.002040 seconds
  Import took 0.004195 seconds .

========================================================================
Received Prepare
Registering precompiled user dll's ...
Registered in 0.000483 seconds.
Begin MonoManager ReloadAssembly
Native extension for WindowsStandalone target not found
Refreshing native plugins compatible for Editor in 0.23 ms, found 0 plugins.
Preloading 0 native plugins for Editor in 0.00 ms.
Mono: successfully reloaded assembly
- Completed reload, in  0.718 seconds
Platform modules already initialized, skipping
Refreshing native plugins compatible for Editor in 0.21 ms, found 0 plugins.
Preloading 0 native plugins for Editor in 0.00 ms.
Unloading 1111 Unused Serialized files (Serialized files now loaded: 0)
System memory in use before: 60.3 MB.
System memory in use after: 60.4 MB.

Unloading 5 unused Assets to reduce memory usage. Loaded Objects now: 1572.
Total: 3.231700 ms (FindLiveObjects: 0.214100 ms CreateObjectMapping: 0.059500 ms MarkObjects: 2.785300 ms  DeleteObjects: 0.170400 ms)

========================================================================
Received Prepare
Registering precompiled user dll's ...
Registered in 0.000495 seconds.
Begin MonoManager ReloadAssembly
Native extension for WindowsStandalone target not found
Refreshing native plugins compatible for Editor in 0.21 ms, found 0 plugins.
Preloading 0 native plugins for Editor in 0.00 ms.
Mono: successfully reloaded assembly
- Completed reload, in  0.688 seconds
Platform modules already initialized, skipping
Refreshing native plugins compatible for Editor in 0.19 ms, found 0 plugins.
Preloading 0 native plugins for Editor in 0.00 ms.
Unloading 1111 Unused Serialized files (Serialized files now loaded: 0)
System memory in use before: 60.3 MB.
System memory in use after: 60.4 MB.

Unloading 5 unused Assets to reduce memory usage. Loaded Objects now: 1575.
Total: 1.667200 ms (FindLiveObjects: 0.319700 ms CreateObjectMapping: 0.072300 ms MarkObjects: 1.229600 ms  DeleteObjects: 0.044200 ms)

========================================================================
Received Prepare
Registering precompiled user dll's ...
Registered in 0.000606 seconds.
Begin MonoManager ReloadAssembly
Native extension for WindowsStandalone target not found
Refreshing native plugins compatible for Editor in 0.46 ms, found 0 plugins.
Preloading 0 native plugins for Editor in 0.00 ms.
Mono: successfully reloaded assembly
- Completed reload, in  0.713 seconds
Platform modules already initialized, skipping
Refreshing native plugins compatible for Editor in 0.18 ms, found 0 plugins.
Preloading 0 native plugins for Editor in 0.00 ms.
Unloading 1111 Unused Serialized files (Serialized files now loaded: 0)
System memory in use before: 60.3 MB.
System memory in use after: 60.4 MB.

Unloading 5 unused Assets to reduce memory usage. Loaded Objects now: 1578.
Total: 1.801400 ms (FindLiveObjects: 0.274300 ms CreateObjectMapping: 0.067900 ms MarkObjects: 1.415400 ms  DeleteObjects: 0.042500 ms)

========================================================================
Received Prepare
Registering precompiled user dll's ...
Registered in 0.000447 seconds.
Begin MonoManager ReloadAssembly
Native extension for WindowsStandalone target not found
Refreshing native plugins compatible for Editor in 0.26 ms, found 0 plugins.
Preloading 0 native plugins for Editor in 0.00 ms.
Mono: successfully reloaded assembly
- Completed reload, in  0.894 seconds
Platform modules already initialized, skipping
Refreshing native plugins compatible for Editor in 0.25 ms, found 0 plugins.
Preloading 0 native plugins for Editor in 0.00 ms.
Unloading 1111 Unused Serialized files (Serialized files now loaded: 0)
System memory in use before: 60.3 MB.
System memory in use after: 60.4 MB.

Unloading 5 unused Assets to reduce memory usage. Loaded Objects now: 1581.
Total: 2.247600 ms (FindLiveObjects: 0.193300 ms CreateObjectMapping: 0.048700 ms MarkObjects: 1.895300 ms  DeleteObjects: 0.109000 ms)

========================================================================
Received Import Request.
  Time since last request: 270.031363 seconds.
  path: Assets/Scripts/Laser.cs
  artifactKey: Guid(3eb0977d1c850764385136f421aeffe0) Importer(815301076,1909f56bfc062723c751e8b465ee728b)
Start importing Assets/Scripts/Laser.cs using Guid(3eb0977d1c850764385136f421aeffe0) Importer(815301076,1909f56bfc062723c751e8b465ee728b)  -> (artifact id: 'ba4d999b1b7dcbf7aadf4f933854b704') in 0.004251 seconds
  Import took 0.006810 seconds .

========================================================================
Received Prepare
Registering precompiled user dll's ...
Registered in 0.000512 seconds.
Begin MonoManager ReloadAssembly
Native extension for WindowsStandalone target not found
Refreshing native plugins compatible for Editor in 0.18 ms, found 0 plugins.
Preloading 0 native plugins for Editor in 0.00 ms.
Mono: successfully reloaded assembly
- Completed reload, in  0.666 seconds
Platform modules already initialized, skipping
Refreshing native plugins compatible for Editor in 0.27 ms, found 0 plugins.
Preloading 0 native plugins for Editor in 0.00 ms.
Unloading 1112 Unused Serialized files (Serialized files now loaded: 0)
System memory in use before: 60.4 MB.
System memory in use after: 60.4 MB.

Unloading 5 unused Assets to reduce memory usage. Loaded Objects now: 1585.
Total: 1.682800 ms (FindLiveObjects: 0.155600 ms CreateObjectMapping: 0.037500 ms MarkObjects: 1.440800 ms  DeleteObjects: 0.047800 ms)

========================================================================
Received Import Request.
  Time since last request: 10.486926 seconds.
  path: Assets/Prefabs/Laser.prefab
  artifactKey: Guid(219c07c51b11bab46b29b92a125fba2e) Importer(815301076,1909f56bfc062723c751e8b465ee728b)
Start importing Assets/Prefabs/Laser.prefab using Guid(219c07c51b11bab46b29b92a125fba2e) Importer(815301076,1909f56bfc062723c751e8b465ee728b)  -> (artifact id: '81cf161757e9962bab980b6a7fdc9417') in 0.055501 seconds
  Import took 0.058565 seconds .

========================================================================
Received Import Request.
  Time since last request: 320.676221 seconds.
  path: Assets/Scripts/Laser.cs
  artifactKey: Guid(3eb0977d1c850764385136f421aeffe0) Importer(815301076,1909f56bfc062723c751e8b465ee728b)
Start importing Assets/Scripts/Laser.cs using Guid(3eb0977d1c850764385136f421aeffe0) Importer(815301076,1909f56bfc062723c751e8b465ee728b)  -> (artifact id: '31db3876b75f6f12b647f427253b5f41') in 0.001943 seconds
  Import took 0.003784 seconds .

========================================================================
Received Import Request.
  Time since last request: 16.408414 seconds.
  path: Assets/Scripts/Laser.cs
  artifactKey: Guid(3eb0977d1c850764385136f421aeffe0) Importer(815301076,1909f56bfc062723c751e8b465ee728b)
Start importing Assets/Scripts/Laser.cs using Guid(3eb0977d1c850764385136f421aeffe0) Importer(815301076,1909f56bfc062723c751e8b465ee728b)  -> (artifact id: '488a9d703144968bd6c09cff332754a6') in 0.002253 seconds
  Import took 0.005562 seconds .

========================================================================
Received Import Request.
  Time since last request: 19.720942 seconds.
  path: Assets/Scripts/Laser.cs
  artifactKey: Guid(3eb0977d1c850764385136f421aeffe0) Importer(815301076,1909f56bfc062723c751e8b465ee728b)
Start importing Assets/Scripts/Laser.cs using Guid(3eb0977d1c850764385136f421aeffe0) Importer(815301076,1909f56bfc062723c751e8b465ee728b)  -> (artifact id: '095bc6f6a8e5f091dae577a24e496b19') in 0.002680 seconds
  Import took 0.005313 seconds .

========================================================================
Received Prepare
Registering precompiled user dll's ...
Registered in 0.000444 seconds.
Begin MonoManager ReloadAssembly
Native extension for WindowsStandalone target not found
Refreshing native plugins compatible for Editor in 0.18 ms, found 0 plugins.
Preloading 0 native plugins for Editor in 0.00 ms.
Mono: successfully reloaded assembly
- Completed reload, in  0.642 seconds
Platform modules already initialized, skipping
Refreshing native plugins compatible for Editor in 0.19 ms, found 0 plugins.
Preloading 0 native plugins for Editor in 0.00 ms.
Unloading 1112 Unused Serialized files (Serialized files now loaded: 0)
System memory in use before: 60.4 MB.
System memory in use after: 60.4 MB.

Unloading 6 unused Assets to reduce memory usage. Loaded Objects now: 1589.
Total: 1.691500 ms (FindLiveObjects: 0.171000 ms CreateObjectMapping: 0.056300 ms MarkObjects: 1.417300 ms  DeleteObjects: 0.046100 ms)

========================================================================
Received Import Request.
  Time since last request: 7.030192 seconds.
  path: Assets/Scripts/Laser.cs
  artifactKey: Guid(3eb0977d1c850764385136f421aeffe0) Importer(815301076,1909f56bfc062723c751e8b465ee728b)
Start importing Assets/Scripts/Laser.cs using Guid(3eb0977d1c850764385136f421aeffe0) Importer(815301076,1909f56bfc062723c751e8b465ee728b)  -> (artifact id: '7c1b34e85d0c4ec9d7a7031585080c91') in 0.004074 seconds
  Import took 0.006719 seconds .

========================================================================
Received Import Request.
  Time since last request: 10.326168 seconds.
  path: Assets/Prefabs/Laser.prefab
  artifactKey: Guid(219c07c51b11bab46b29b92a125fba2e) Importer(815301076,1909f56bfc062723c751e8b465ee728b)
Start importing Assets/Prefabs/Laser.prefab using Guid(219c07c51b11bab46b29b92a125fba2e) Importer(815301076,1909f56bfc062723c751e8b465ee728b)  -> (artifact id: '51c00778faff9ec83fdb0a2946c5a62e') in 0.059704 seconds
  Import took 0.076186 seconds .

========================================================================
Received Import Request.
  Time since last request: 0.020839 seconds.
  path: Assets/Prefabs/Laser.prefab
  artifactKey: Guid(219c07c51b11bab46b29b92a125fba2e) Importer(815301076,1909f56bfc062723c751e8b465ee728b)
Start importing Assets/Prefabs/Laser.prefab using Guid(219c07c51b11bab46b29b92a125fba2e) Importer(815301076,1909f56bfc062723c751e8b465ee728b)  -> (artifact id: '51c00778faff9ec83fdb0a2946c5a62e') in 0.006249 seconds
  Import took 0.008497 seconds .

========================================================================
Received Import Request.
  Time since last request: 5.208661 seconds.
  path: Assets/Scripts/Player.cs
  artifactKey: Guid(6862985006160e6439d84922ea2b747f) Importer(815301076,1909f56bfc062723c751e8b465ee728b)
Start importing Assets/Scripts/Player.cs using Guid(6862985006160e6439d84922ea2b747f) Importer(815301076,1909f56bfc062723c751e8b465ee728b)  -> (artifact id: '49f10037e63e0f635b591e07beb7374a') in 0.004999 seconds
  Import took 0.006846 seconds .

========================================================================
Received Prepare
Registering precompiled user dll's ...
Registered in 0.000460 seconds.
Begin MonoManager ReloadAssembly
Native extension for WindowsStandalone target not found
Refreshing native plugins compatible for Editor in 0.21 ms, found 0 plugins.
Preloading 0 native plugins for Editor in 0.00 ms.
Mono: successfully reloaded assembly
- Completed reload, in  0.662 seconds
Platform modules already initialized, skipping
Refreshing native plugins compatible for Editor in 0.18 ms, found 0 plugins.
Preloading 0 native plugins for Editor in 0.00 ms.
Unloading 1112 Unused Serialized files (Serialized files now loaded: 0)
System memory in use before: 60.4 MB.
System memory in use after: 60.5 MB.

Unloading 6 unused Assets to reduce memory usage. Loaded Objects now: 1593.
Total: 1.583300 ms (FindLiveObjects: 0.166500 ms CreateObjectMapping: 0.059400 ms MarkObjects: 1.309600 ms  DeleteObjects: 0.046700 ms)

========================================================================
Received Prepare
Registering precompiled user dll's ...
Registered in 0.000451 seconds.
Begin MonoManager ReloadAssembly
Native extension for WindowsStandalone target not found
Refreshing native plugins compatible for Editor in 0.19 ms, found 0 plugins.
Preloading 0 native plugins for Editor in 0.00 ms.
Mono: successfully reloaded assembly
- Completed reload, in  0.679 seconds
Platform modules already initialized, skipping
Refreshing native plugins compatible for Editor in 0.27 ms, found 0 plugins.
Preloading 0 native plugins for Editor in 0.00 ms.
Unloading 1112 Unused Serialized files (Serialized files now loaded: 0)
System memory in use before: 60.4 MB.
System memory in use after: 60.5 MB.

Unloading 5 unused Assets to reduce memory usage. Loaded Objects now: 1596.
Total: 1.735000 ms (FindLiveObjects: 0.210300 ms CreateObjectMapping: 0.056600 ms MarkObjects: 1.412900 ms  DeleteObjects: 0.052700 ms)

AssetImportWorkerClient::OnTransportError - code=2 error=End of file
