Using pre-set license
Built from '2020.3/staging' branch; Version is '2020.3.11f1 (99c7afb366b3) revision 10078127'; Using compiler version '192528614'; Build Type 'Release'
OS: 'Windows 10 Home; OS build 19042.1110; Version 2009; 64bit' Language: 'en' Physical Memory: 16344 MB
BatchMode: 1, IsHumanControllingUs: 0, StartBugReporterOnCrash: 0, Is64bit: 1, IsPro: 0

 COMMAND LINE ARGUMENTS:
G:\Program Files\Unity\2020.3.11f1\Editor\Unity.exe
-adb2
-batchMode
-noUpm
-name
AssetImportWorker1
-projectPath
G:/Users/RowanofRohan/Documents/Unity/Space Shooter
-logFile
Logs/AssetImportWorker1.log
-srvPort
51144
Successfully changed project path to: G:/Users/RowanofRohan/Documents/Unity/Space Shooter
G:/Users/RowanofRohan/Documents/Unity/Space Shooter
Using Asset Import Pipeline V2.
Refreshing native plugins compatible for Editor in 43.14 ms, found 2 plugins.
Preloading 0 native plugins for Editor in 0.00 ms.
Initialize engine version: 2020.3.11f1 (99c7afb366b3)
[Subsystems] Discovering subsystems at path G:/Program Files/Unity/2020.3.11f1/Editor/Data/Resources/UnitySubsystems
[Subsystems] Discovering subsystems at path G:/Users/RowanofRohan/Documents/Unity/Space Shooter/Assets
GfxDevice: creating device client; threaded=0
Direct3D:
    Version:  Direct3D 11.0 [level 11.1]
    Renderer: NVIDIA GeForce GTX 970 (ID=0x13c2)
    Vendor:   
    VRAM:     4043 MB
    Driver:   27.21.14.6089
Initialize mono
Mono path[0] = 'G:/Program Files/Unity/2020.3.11f1/Editor/Data/Managed'
Mono path[1] = 'G:/Program Files/Unity/2020.3.11f1/Editor/Data/MonoBleedingEdge/lib/mono/unityjit'
Mono config path = 'G:/Program Files/Unity/2020.3.11f1/Editor/Data/MonoBleedingEdge/etc'
Using monoOptions --debugger-agent=transport=dt_socket,embedding=1,server=y,suspend=n,address=127.0.0.1:56064
Begin MonoManager ReloadAssembly
Registering precompiled unity dll's ...
Register platform support module: G:/Program Files/Unity/2020.3.11f1/Editor/Data/PlaybackEngines/WebGLSupport/UnityEditor.WebGL.Extensions.dll
Register platform support module: G:/Program Files/Unity/2020.3.11f1/Editor/Data/PlaybackEngines/WindowsStandaloneSupport/UnityEditor.WindowsStandalone.Extensions.dll
Registered in 0.001154 seconds.
Native extension for WindowsStandalone target not found
Native extension for WebGL target not found
Refreshing native plugins compatible for Editor in 34.49 ms, found 2 plugins.
Preloading 0 native plugins for Editor in 0.00 ms.
Mono: successfully reloaded assembly
- Completed reload, in 13.799 seconds
Platform modules already initialized, skipping
Registering precompiled user dll's ...
Registered in 0.027675 seconds.
Begin MonoManager ReloadAssembly
Native extension for WindowsStandalone target not found
Native extension for WebGL target not found
Refreshing native plugins compatible for Editor in 0.44 ms, found 2 plugins.
Preloading 0 native plugins for Editor in 0.00 ms.
Mono: successfully reloaded assembly
- Completed reload, in  0.963 seconds
Platform modules already initialized, skipping
========================================================================
Worker process is ready to serve import requests
Launched and connected shader compiler UnityShaderCompiler.exe after 0.14 seconds
Refreshing native plugins compatible for Editor in 1.02 ms, found 2 plugins.
Preloading 0 native plugins for Editor in 0.00 ms.
Unloading 1552 Unused Serialized files (Serialized files now loaded: 0)
System memory in use before: 76.2 MB.
System memory in use after: 76.3 MB.

Unloading 18 unused Assets to reduce memory usage. Loaded Objects now: 1988.
Total: 1.886400 ms (FindLiveObjects: 0.155200 ms CreateObjectMapping: 0.045700 ms MarkObjects: 1.632200 ms  DeleteObjects: 0.052500 ms)

========================================================================
Received Import Request.
  path: Assets/Scenes/Game.unity
  artifactKey: Guid(b1036c7b7bb3f1842a8e514c5f1ba88b) Importer(815301076,1909f56bfc062723c751e8b465ee728b)
Start importing Assets/Scenes/Game.unity using Guid(b1036c7b7bb3f1842a8e514c5f1ba88b) Importer(815301076,1909f56bfc062723c751e8b465ee728b)  -> (artifact id: '271b4b904fc4ce5c9b5a5a4a6ebe4588') in 0.030675 seconds
  Import took 0.033771 seconds .

========================================================================
Received Import Request.
  Time since last request: 0.000273 seconds.
  path: Assets/Prefabs/Projectiles/Missile.prefab
  artifactKey: Guid(b89df52975746d7478ff2c9a55a2eacb) Importer(815301076,1909f56bfc062723c751e8b465ee728b)
Start importing Assets/Prefabs/Projectiles/Missile.prefab using Guid(b89df52975746d7478ff2c9a55a2eacb) Importer(815301076,1909f56bfc062723c751e8b465ee728b)  -> (artifact id: '59b5edeea98311225e8b62fea715a258') in 0.295145 seconds
  Import took 0.320309 seconds .

========================================================================
Received Import Request.
  Time since last request: 4.489995 seconds.
  path: Assets/Scenes/Debug.unity
  artifactKey: Guid(ed66ca91acfb87643ad868b9d56b46ba) Importer(815301076,1909f56bfc062723c751e8b465ee728b)
Start importing Assets/Scenes/Debug.unity using Guid(ed66ca91acfb87643ad868b9d56b46ba) Importer(815301076,1909f56bfc062723c751e8b465ee728b)  -> (artifact id: '955aad00b82986ad59e50e696af22b64') in 0.009151 seconds
  Import took 0.012471 seconds .

========================================================================
Received Import Request.
  Time since last request: 64.462208 seconds.
  path: Assets/Prefabs/Player/Player.prefab
  artifactKey: Guid(857096ab685f60f4d88704eb82759106) Importer(815301076,1909f56bfc062723c751e8b465ee728b)
Start importing Assets/Prefabs/Player/Player.prefab using Guid(857096ab685f60f4d88704eb82759106) Importer(815301076,1909f56bfc062723c751e8b465ee728b)  -> (artifact id: 'f7f2f6f62c87bb7f72bf170e9183770c') in 0.876642 seconds
  Import took 0.892148 seconds .

========================================================================
Received Prepare
Registering precompiled user dll's ...
Registered in 0.002816 seconds.
Begin MonoManager ReloadAssembly
Native extension for WindowsStandalone target not found
Native extension for WebGL target not found
Refreshing native plugins compatible for Editor in 0.43 ms, found 2 plugins.
Preloading 0 native plugins for Editor in 0.00 ms.
Mono: successfully reloaded assembly
- Completed reload, in  0.817 seconds
Platform modules already initialized, skipping
Refreshing native plugins compatible for Editor in 0.36 ms, found 2 plugins.
Preloading 0 native plugins for Editor in 0.00 ms.
Unloading 1518 Unused Serialized files (Serialized files now loaded: 0)
System memory in use before: 76.5 MB.
System memory in use after: 76.6 MB.

Unloading 13 unused Assets to reduce memory usage. Loaded Objects now: 1998.
Total: 2.962200 ms (FindLiveObjects: 0.146100 ms CreateObjectMapping: 0.046700 ms MarkObjects: 2.746300 ms  DeleteObjects: 0.021800 ms)

========================================================================
Received Import Request.
  Time since last request: 179.071243 seconds.
  path: Assets/Prefabs/Powerups/Powerup_LandMine.prefab
  artifactKey: Guid(85031ef79475bec43aa015901a960941) Importer(815301076,1909f56bfc062723c751e8b465ee728b)
Start importing Assets/Prefabs/Powerups/Powerup_LandMine.prefab using Guid(85031ef79475bec43aa015901a960941) Importer(815301076,1909f56bfc062723c751e8b465ee728b)  -> (artifact id: 'b82f18273ec5dd855bf6da95c80bc398') in 0.558536 seconds
  Import took 0.586217 seconds .

========================================================================
Received Import Request.
  Time since last request: 4.553051 seconds.
  path: Assets/Prefabs/Powerups/Powerup_Ammo.prefab
  artifactKey: Guid(a7b4c76cc7d45d44c882523a56abfc24) Importer(815301076,1909f56bfc062723c751e8b465ee728b)
Start importing Assets/Prefabs/Powerups/Powerup_Ammo.prefab using Guid(a7b4c76cc7d45d44c882523a56abfc24) Importer(815301076,1909f56bfc062723c751e8b465ee728b)  -> (artifact id: '089c4422b0a326cced221acc238711ee') in 0.140225 seconds
  Import took 0.162985 seconds .

========================================================================
Received Prepare
Registering precompiled user dll's ...
Registered in 0.002332 seconds.
Begin MonoManager ReloadAssembly
Native extension for WindowsStandalone target not found
Native extension for WebGL target not found
Refreshing native plugins compatible for Editor in 0.36 ms, found 2 plugins.
Preloading 0 native plugins for Editor in 0.00 ms.
Mono: successfully reloaded assembly
- Completed reload, in  1.060 seconds
Platform modules already initialized, skipping
Refreshing native plugins compatible for Editor in 0.36 ms, found 2 plugins.
Preloading 0 native plugins for Editor in 0.00 ms.
Unloading 1518 Unused Serialized files (Serialized files now loaded: 0)
System memory in use before: 76.6 MB.
System memory in use after: 76.7 MB.

Unloading 13 unused Assets to reduce memory usage. Loaded Objects now: 2002.
Total: 2.449300 ms (FindLiveObjects: 0.137100 ms CreateObjectMapping: 0.041300 ms MarkObjects: 2.250800 ms  DeleteObjects: 0.019100 ms)

========================================================================
Received Import Request.
  Time since last request: 13.497227 seconds.
  path: Assets/Prefabs/Powerups/Powerup_Missile.prefab
  artifactKey: Guid(49d15e601a5cfa04b8780bc5504ce184) Importer(815301076,1909f56bfc062723c751e8b465ee728b)
Start importing Assets/Prefabs/Powerups/Powerup_Missile.prefab using Guid(49d15e601a5cfa04b8780bc5504ce184) Importer(815301076,1909f56bfc062723c751e8b465ee728b)  -> (artifact id: '96c557236c4e9706be6c177d8a9d3508') in 0.075383 seconds
  Import took 0.079296 seconds .

========================================================================
Received Import Request.
  Time since last request: 4.183248 seconds.
  path: Assets/Scenes/Debug.unity
  artifactKey: Guid(ed66ca91acfb87643ad868b9d56b46ba) Importer(815301076,1909f56bfc062723c751e8b465ee728b)
Start importing Assets/Scenes/Debug.unity using Guid(ed66ca91acfb87643ad868b9d56b46ba) Importer(815301076,1909f56bfc062723c751e8b465ee728b)  -> (artifact id: '39e14e018c5f208ceeb09e8f0cd095ee') in 0.006433 seconds
  Import took 0.038931 seconds .

========================================================================
Received Import Request.
  Time since last request: 33.803467 seconds.
  path: Assets/Prefabs/Projectiles/Missile.prefab
  artifactKey: Guid(b89df52975746d7478ff2c9a55a2eacb) Importer(815301076,1909f56bfc062723c751e8b465ee728b)
Start importing Assets/Prefabs/Projectiles/Missile.prefab using Guid(b89df52975746d7478ff2c9a55a2eacb) Importer(815301076,1909f56bfc062723c751e8b465ee728b)  -> (artifact id: '4cebf0eae7e0ed55d030942f73d4895a') in 0.018051 seconds
  Import took 0.022341 seconds .

========================================================================
Received Import Request.
  Time since last request: 78.568923 seconds.
  path: Assets/Prefabs/Projectiles/Missile.prefab
  artifactKey: Guid(b89df52975746d7478ff2c9a55a2eacb) Importer(815301076,1909f56bfc062723c751e8b465ee728b)
Start importing Assets/Prefabs/Projectiles/Missile.prefab using Guid(b89df52975746d7478ff2c9a55a2eacb) Importer(815301076,1909f56bfc062723c751e8b465ee728b)  -> (artifact id: '3eb0fc1d9b10ba1bcb630505aa5c0c36') in 0.013993 seconds
  Import took 0.040393 seconds .

========================================================================
Received Import Request.
  Time since last request: 6.467623 seconds.
  path: Assets/Prefabs/Projectiles/Missile.prefab
  artifactKey: Guid(b89df52975746d7478ff2c9a55a2eacb) Importer(815301076,1909f56bfc062723c751e8b465ee728b)
Start importing Assets/Prefabs/Projectiles/Missile.prefab using Guid(b89df52975746d7478ff2c9a55a2eacb) Importer(815301076,1909f56bfc062723c751e8b465ee728b)  -> (artifact id: '3a6259ea1ba4771c58b0f1a102acb0a9') in 0.012226 seconds
  Import took 0.016200 seconds .

========================================================================
Received Import Request.
  Time since last request: 0.025899 seconds.
  path: Assets/Prefabs/Projectiles/Missile.prefab
  artifactKey: Guid(b89df52975746d7478ff2c9a55a2eacb) Importer(815301076,1909f56bfc062723c751e8b465ee728b)
Start importing Assets/Prefabs/Projectiles/Missile.prefab using Guid(b89df52975746d7478ff2c9a55a2eacb) Importer(815301076,1909f56bfc062723c751e8b465ee728b)  -> (artifact id: '3a6259ea1ba4771c58b0f1a102acb0a9') in 0.011012 seconds
  Import took 0.015232 seconds .

========================================================================
Received Import Request.
  Time since last request: 86.240310 seconds.
  path: Assets/Sprites/Power_Ups/1UP/1UP Powerup1.png
  artifactKey: Guid(d4b9c14a189ec0545abd4a611bfe4145) Importer(815301076,1909f56bfc062723c751e8b465ee728b)
Start importing Assets/Sprites/Power_Ups/1UP/1UP Powerup1.png using Guid(d4b9c14a189ec0545abd4a611bfe4145) Importer(815301076,1909f56bfc062723c751e8b465ee728b)  -> (artifact id: 'e4ecb0167d621434d2e1038537954831') in 0.216099 seconds
  Import took 0.219048 seconds .

========================================================================
Received Import Request.
  Time since last request: 0.000167 seconds.
  path: Assets/Sprites/Power_Ups/1UP/1UP Powerup2.png
  artifactKey: Guid(4c79452b14053f647be2e4b94bbe6be7) Importer(815301076,1909f56bfc062723c751e8b465ee728b)
Start importing Assets/Sprites/Power_Ups/1UP/1UP Powerup2.png using Guid(4c79452b14053f647be2e4b94bbe6be7) Importer(815301076,1909f56bfc062723c751e8b465ee728b)  -> (artifact id: '07c41af71ab2478da6b89c91c608c2bb') in 0.035770 seconds
  Import took 0.038842 seconds .

========================================================================
Received Import Request.
  Time since last request: 0.000191 seconds.
  path: Assets/Sprites/Power_Ups/1UP/1UP Powerup1.png
  artifactKey: Guid(d4b9c14a189ec0545abd4a611bfe4145) Importer(815301076,1909f56bfc062723c751e8b465ee728b)
Start importing Assets/Sprites/Power_Ups/1UP/1UP Powerup1.png using Guid(d4b9c14a189ec0545abd4a611bfe4145) Importer(815301076,1909f56bfc062723c751e8b465ee728b)  -> (artifact id: 'e4ecb0167d621434d2e1038537954831') in 0.014786 seconds
  Import took 0.019154 seconds .

========================================================================
Received Import Request.
  Time since last request: 0.000277 seconds.
  path: Assets/Sprites/Power_Ups/1UP/1UP Powerup7.png
  artifactKey: Guid(108fc9517004f9e48973f86832e3919e) Importer(815301076,1909f56bfc062723c751e8b465ee728b)
Start importing Assets/Sprites/Power_Ups/1UP/1UP Powerup7.png using Guid(108fc9517004f9e48973f86832e3919e) Importer(815301076,1909f56bfc062723c751e8b465ee728b)  -> (artifact id: '76dfb497ce9ad9ec7f3b9a921aca6544') in 0.030764 seconds
  Import took 0.033701 seconds .

========================================================================
Received Import Request.
  Time since last request: 0.000162 seconds.
  path: Assets/Sprites/Power_Ups/1UP/1UP Powerup2.png
  artifactKey: Guid(4c79452b14053f647be2e4b94bbe6be7) Importer(815301076,1909f56bfc062723c751e8b465ee728b)
Start importing Assets/Sprites/Power_Ups/1UP/1UP Powerup2.png using Guid(4c79452b14053f647be2e4b94bbe6be7) Importer(815301076,1909f56bfc062723c751e8b465ee728b)  -> (artifact id: '07c41af71ab2478da6b89c91c608c2bb') in 0.010342 seconds
  Import took 0.012737 seconds .

========================================================================
Received Import Request.
  Time since last request: 0.000213 seconds.
  path: Assets/Sprites/Power_Ups/1UP/1UP Powerup3.png
  artifactKey: Guid(89f55af3213ed164cb4d912396fa9009) Importer(815301076,1909f56bfc062723c751e8b465ee728b)
Start importing Assets/Sprites/Power_Ups/1UP/1UP Powerup3.png using Guid(89f55af3213ed164cb4d912396fa9009) Importer(815301076,1909f56bfc062723c751e8b465ee728b)  -> (artifact id: 'c51f5ec4a2f718b80df29a249b75b5c5') in 0.038972 seconds
  Import took 0.048046 seconds .

========================================================================
Received Import Request.
  Time since last request: 0.000211 seconds.
  path: Assets/Sprites/Power_Ups/1UP/1UP Powerup8.png
  artifactKey: Guid(f5826eb43c009dc44aecb3af864eac5a) Importer(815301076,1909f56bfc062723c751e8b465ee728b)
Start importing Assets/Sprites/Power_Ups/1UP/1UP Powerup8.png using Guid(f5826eb43c009dc44aecb3af864eac5a) Importer(815301076,1909f56bfc062723c751e8b465ee728b)  -> (artifact id: 'caa301912fe1aa77f0b8ef78351b064e') in 0.037058 seconds
  Import took 0.058528 seconds .

========================================================================
Received Import Request.
  Time since last request: 0.000225 seconds.
  path: Assets/Sprites/Power_Ups/1UP/1UP Powerup3.png
  artifactKey: Guid(89f55af3213ed164cb4d912396fa9009) Importer(815301076,1909f56bfc062723c751e8b465ee728b)
Start importing Assets/Sprites/Power_Ups/1UP/1UP Powerup3.png using Guid(89f55af3213ed164cb4d912396fa9009) Importer(815301076,1909f56bfc062723c751e8b465ee728b)  -> (artifact id: 'c51f5ec4a2f718b80df29a249b75b5c5') in 0.015271 seconds
  Import took 0.019470 seconds .

========================================================================
Received Import Request.
  Time since last request: 0.000203 seconds.
  path: Assets/Sprites/Power_Ups/1UP/1UP Powerup4.png
  artifactKey: Guid(32cc93bca27417742ac79979785dd7e4) Importer(815301076,1909f56bfc062723c751e8b465ee728b)
Start importing Assets/Sprites/Power_Ups/1UP/1UP Powerup4.png using Guid(32cc93bca27417742ac79979785dd7e4) Importer(815301076,1909f56bfc062723c751e8b465ee728b)  -> (artifact id: '763aa3f3bc2607b2f8eaaec7f5227cea') in 0.039959 seconds
  Import took 0.044728 seconds .

========================================================================
Received Import Request.
  Time since last request: 0.000377 seconds.
  path: Assets/Sprites/Power_Ups/1UP/1UP Powerup5.png
  artifactKey: Guid(4ef6a94c9431b904095e1f3366342957) Importer(815301076,1909f56bfc062723c751e8b465ee728b)
Start importing Assets/Sprites/Power_Ups/1UP/1UP Powerup5.png using Guid(4ef6a94c9431b904095e1f3366342957) Importer(815301076,1909f56bfc062723c751e8b465ee728b)  -> (artifact id: '36c803e51de01354b29f8b06b2c45928') in 0.059553 seconds
  Import took 0.063615 seconds .

========================================================================
Received Import Request.
  Time since last request: 0.000201 seconds.
  path: Assets/Sprites/Power_Ups/1UP/1UP Powerup6.png
  artifactKey: Guid(3fca00e1cc316db4cadbe5379834d444) Importer(815301076,1909f56bfc062723c751e8b465ee728b)
Start importing Assets/Sprites/Power_Ups/1UP/1UP Powerup6.png using Guid(3fca00e1cc316db4cadbe5379834d444) Importer(815301076,1909f56bfc062723c751e8b465ee728b)  -> (artifact id: 'b89f6da07956f64ee393b8b877101f83') in 0.047417 seconds
  Import took 0.063715 seconds .

========================================================================
Received Import Request.
  Time since last request: 0.001498 seconds.
  path: Assets/Sprites/Power_Ups/1UP/1UP Powerup6.png
  artifactKey: Guid(3fca00e1cc316db4cadbe5379834d444) Importer(815301076,1909f56bfc062723c751e8b465ee728b)
Start importing Assets/Sprites/Power_Ups/1UP/1UP Powerup6.png using Guid(3fca00e1cc316db4cadbe5379834d444) Importer(815301076,1909f56bfc062723c751e8b465ee728b)  -> (artifact id: 'b89f6da07956f64ee393b8b877101f83') in 0.011998 seconds
  Import took 0.015701 seconds .

========================================================================
Received Prepare
Registering precompiled user dll's ...
Registered in 0.002528 seconds.
Begin MonoManager ReloadAssembly
Native extension for WindowsStandalone target not found
Native extension for WebGL target not found
Refreshing native plugins compatible for Editor in 0.41 ms, found 2 plugins.
Preloading 0 native plugins for Editor in 0.00 ms.
Mono: successfully reloaded assembly
- Completed reload, in  0.906 seconds
Platform modules already initialized, skipping
Refreshing native plugins compatible for Editor in 0.44 ms, found 2 plugins.
Preloading 0 native plugins for Editor in 0.00 ms.
Unloading 1518 Unused Serialized files (Serialized files now loaded: 0)
System memory in use before: 76.6 MB.
System memory in use after: 76.8 MB.

Unloading 13 unused Assets to reduce memory usage. Loaded Objects now: 2008.
Total: 2.580400 ms (FindLiveObjects: 0.250500 ms CreateObjectMapping: 0.057600 ms MarkObjects: 2.252400 ms  DeleteObjects: 0.018600 ms)

========================================================================
Received Prepare
Registering precompiled user dll's ...
Registered in 0.003103 seconds.
Begin MonoManager ReloadAssembly
Native extension for WindowsStandalone target not found
Native extension for WebGL target not found
Refreshing native plugins compatible for Editor in 0.36 ms, found 2 plugins.
Preloading 0 native plugins for Editor in 0.00 ms.
Mono: successfully reloaded assembly
- Completed reload, in  0.880 seconds
Platform modules already initialized, skipping
Refreshing native plugins compatible for Editor in 0.42 ms, found 2 plugins.
Preloading 0 native plugins for Editor in 0.00 ms.
Unloading 1518 Unused Serialized files (Serialized files now loaded: 0)
System memory in use before: 76.7 MB.
System memory in use after: 76.8 MB.

Unloading 13 unused Assets to reduce memory usage. Loaded Objects now: 2011.
Total: 1.954900 ms (FindLiveObjects: 0.227300 ms CreateObjectMapping: 0.063800 ms MarkObjects: 1.647900 ms  DeleteObjects: 0.015000 ms)

========================================================================
Received Import Request.
  Time since last request: 853.567546 seconds.
  path: Assets/Imports/2D_sci-fi_weapon/Atlases/PNG/Atlas_red.png
  artifactKey: Guid(eeac123894a68534590c3197728fced1) Importer(815301076,1909f56bfc062723c751e8b465ee728b)
Start importing Assets/Imports/2D_sci-fi_weapon/Atlases/PNG/Atlas_red.png using Guid(eeac123894a68534590c3197728fced1) Importer(815301076,1909f56bfc062723c751e8b465ee728b)  -> (artifact id: 'ce5eb38b5c6765fbf6c7b973741ae95b') in 0.124896 seconds
  Import took 0.153170 seconds .

========================================================================
Received Import Request.
  Time since last request: 0.000244 seconds.
  path: Assets/Sprites/UI/BasicSquare.png
  artifactKey: Guid(61247c1819c328a46a68e73a83a5a5d7) Importer(815301076,1909f56bfc062723c751e8b465ee728b)
Start importing Assets/Sprites/UI/BasicSquare.png using Guid(61247c1819c328a46a68e73a83a5a5d7) Importer(815301076,1909f56bfc062723c751e8b465ee728b)  -> (artifact id: 'b5af245af1c0987c7b899efc5dffdd56') in 0.023733 seconds
  Import took 0.026862 seconds .

========================================================================
Received Prepare
Registering precompiled user dll's ...
Registered in 0.002321 seconds.
Begin MonoManager ReloadAssembly
Native extension for WindowsStandalone target not found
Native extension for WebGL target not found
Refreshing native plugins compatible for Editor in 0.45 ms, found 2 plugins.
Preloading 0 native plugins for Editor in 0.00 ms.
Mono: successfully reloaded assembly
- Completed reload, in  1.101 seconds
Platform modules already initialized, skipping
Refreshing native plugins compatible for Editor in 0.79 ms, found 2 plugins.
Preloading 0 native plugins for Editor in 0.00 ms.
Unloading 1518 Unused Serialized files (Serialized files now loaded: 0)
System memory in use before: 76.7 MB.
System memory in use after: 76.8 MB.

Unloading 13 unused Assets to reduce memory usage. Loaded Objects now: 2041.
Total: 1.672900 ms (FindLiveObjects: 0.158100 ms CreateObjectMapping: 0.050500 ms MarkObjects: 1.448500 ms  DeleteObjects: 0.014600 ms)

========================================================================
Received Prepare
Registering precompiled user dll's ...
Registered in 0.002583 seconds.
Begin MonoManager ReloadAssembly
Native extension for WindowsStandalone target not found
Native extension for WebGL target not found
Refreshing native plugins compatible for Editor in 0.84 ms, found 2 plugins.
Preloading 0 native plugins for Editor in 0.00 ms.
Mono: successfully reloaded assembly
- Completed reload, in  0.957 seconds
Platform modules already initialized, skipping
Refreshing native plugins compatible for Editor in 0.49 ms, found 2 plugins.
Preloading 0 native plugins for Editor in 0.00 ms.
Unloading 1518 Unused Serialized files (Serialized files now loaded: 0)
System memory in use before: 76.7 MB.
System memory in use after: 76.8 MB.

Unloading 13 unused Assets to reduce memory usage. Loaded Objects now: 2044.
Total: 2.520600 ms (FindLiveObjects: 0.180400 ms CreateObjectMapping: 0.066300 ms MarkObjects: 2.253000 ms  DeleteObjects: 0.019700 ms)

========================================================================
Received Prepare
Registering precompiled user dll's ...
Registered in 0.002748 seconds.
Begin MonoManager ReloadAssembly
Native extension for WindowsStandalone target not found
Native extension for WebGL target not found
Refreshing native plugins compatible for Editor in 0.39 ms, found 2 plugins.
Preloading 0 native plugins for Editor in 0.00 ms.
Mono: successfully reloaded assembly
- Completed reload, in  1.040 seconds
Platform modules already initialized, skipping
Refreshing native plugins compatible for Editor in 0.56 ms, found 2 plugins.
Preloading 0 native plugins for Editor in 0.00 ms.
Unloading 1518 Unused Serialized files (Serialized files now loaded: 0)
System memory in use before: 76.7 MB.
System memory in use after: 76.8 MB.

Unloading 13 unused Assets to reduce memory usage. Loaded Objects now: 2047.
Total: 2.296000 ms (FindLiveObjects: 0.153900 ms CreateObjectMapping: 0.049000 ms MarkObjects: 2.075200 ms  DeleteObjects: 0.016600 ms)

========================================================================
Received Prepare
Registering precompiled user dll's ...
Registered in 0.002446 seconds.
Begin MonoManager ReloadAssembly
Native extension for WindowsStandalone target not found
Native extension for WebGL target not found
Refreshing native plugins compatible for Editor in 0.37 ms, found 2 plugins.
Preloading 0 native plugins for Editor in 0.00 ms.
Mono: successfully reloaded assembly
- Completed reload, in  0.890 seconds
Platform modules already initialized, skipping
Refreshing native plugins compatible for Editor in 0.40 ms, found 2 plugins.
Preloading 0 native plugins for Editor in 0.00 ms.
Unloading 1518 Unused Serialized files (Serialized files now loaded: 0)
System memory in use before: 76.7 MB.
System memory in use after: 76.8 MB.

Unloading 13 unused Assets to reduce memory usage. Loaded Objects now: 2050.
Total: 2.253200 ms (FindLiveObjects: 0.221900 ms CreateObjectMapping: 0.086700 ms MarkObjects: 1.919800 ms  DeleteObjects: 0.023300 ms)

========================================================================
Received Prepare
Registering precompiled user dll's ...
Registered in 0.003358 seconds.
Begin MonoManager ReloadAssembly
Native extension for WindowsStandalone target not found
Native extension for WebGL target not found
Refreshing native plugins compatible for Editor in 0.43 ms, found 2 plugins.
Preloading 0 native plugins for Editor in 0.00 ms.
Mono: successfully reloaded assembly
- Completed reload, in  1.074 seconds
Platform modules already initialized, skipping
Refreshing native plugins compatible for Editor in 0.75 ms, found 2 plugins.
Preloading 0 native plugins for Editor in 0.00 ms.
Unloading 1518 Unused Serialized files (Serialized files now loaded: 0)
System memory in use before: 76.7 MB.
System memory in use after: 76.9 MB.

Unloading 13 unused Assets to reduce memory usage. Loaded Objects now: 2053.
Total: 3.278900 ms (FindLiveObjects: 0.219800 ms CreateObjectMapping: 0.072800 ms MarkObjects: 2.958900 ms  DeleteObjects: 0.026100 ms)

========================================================================
Received Prepare
Registering precompiled user dll's ...
Registered in 0.002393 seconds.
Begin MonoManager ReloadAssembly
Native extension for WindowsStandalone target not found
Native extension for WebGL target not found
Refreshing native plugins compatible for Editor in 0.45 ms, found 2 plugins.
Preloading 0 native plugins for Editor in 0.00 ms.
Mono: successfully reloaded assembly
- Completed reload, in  1.018 seconds
Platform modules already initialized, skipping
Refreshing native plugins compatible for Editor in 0.77 ms, found 2 plugins.
Preloading 0 native plugins for Editor in 0.00 ms.
Unloading 1518 Unused Serialized files (Serialized files now loaded: 0)
System memory in use before: 76.7 MB.
System memory in use after: 76.9 MB.

Unloading 13 unused Assets to reduce memory usage. Loaded Objects now: 2056.
Total: 2.470000 ms (FindLiveObjects: 0.167600 ms CreateObjectMapping: 0.051000 ms MarkObjects: 2.232800 ms  DeleteObjects: 0.017200 ms)

========================================================================
Received Prepare
Registering precompiled user dll's ...
Registered in 0.004811 seconds.
Begin MonoManager ReloadAssembly
Native extension for WindowsStandalone target not found
Native extension for WebGL target not found
Refreshing native plugins compatible for Editor in 0.64 ms, found 2 plugins.
Preloading 0 native plugins for Editor in 0.00 ms.
Mono: successfully reloaded assembly
- Completed reload, in  1.093 seconds
Platform modules already initialized, skipping
Refreshing native plugins compatible for Editor in 0.40 ms, found 2 plugins.
Preloading 0 native plugins for Editor in 0.00 ms.
Unloading 1518 Unused Serialized files (Serialized files now loaded: 0)
System memory in use before: 76.8 MB.
System memory in use after: 76.9 MB.

Unloading 13 unused Assets to reduce memory usage. Loaded Objects now: 2059.
Total: 2.039700 ms (FindLiveObjects: 0.185800 ms CreateObjectMapping: 0.053100 ms MarkObjects: 1.783400 ms  DeleteObjects: 0.016200 ms)

========================================================================
Received Prepare
Registering precompiled user dll's ...
Registered in 0.002903 seconds.
Begin MonoManager ReloadAssembly
Native extension for WindowsStandalone target not found
Native extension for WebGL target not found
Refreshing native plugins compatible for Editor in 0.54 ms, found 2 plugins.
Preloading 0 native plugins for Editor in 0.00 ms.
Mono: successfully reloaded assembly
- Completed reload, in  1.261 seconds
Platform modules already initialized, skipping
Refreshing native plugins compatible for Editor in 0.48 ms, found 2 plugins.
Preloading 0 native plugins for Editor in 0.00 ms.
Unloading 1518 Unused Serialized files (Serialized files now loaded: 0)
System memory in use before: 76.8 MB.
System memory in use after: 76.9 MB.

Unloading 13 unused Assets to reduce memory usage. Loaded Objects now: 2062.
Total: 2.654700 ms (FindLiveObjects: 0.167400 ms CreateObjectMapping: 0.058800 ms MarkObjects: 2.386900 ms  DeleteObjects: 0.039300 ms)

========================================================================
Received Prepare
Registering precompiled user dll's ...
Registered in 0.004281 seconds.
Begin MonoManager ReloadAssembly
Native extension for WindowsStandalone target not found
Native extension for WebGL target not found
Refreshing native plugins compatible for Editor in 0.64 ms, found 2 plugins.
Preloading 0 native plugins for Editor in 0.00 ms.
Mono: successfully reloaded assembly
- Completed reload, in  1.007 seconds
Platform modules already initialized, skipping
Refreshing native plugins compatible for Editor in 0.40 ms, found 2 plugins.
Preloading 0 native plugins for Editor in 0.00 ms.
Unloading 1518 Unused Serialized files (Serialized files now loaded: 0)
System memory in use before: 76.8 MB.
System memory in use after: 76.9 MB.

Unloading 13 unused Assets to reduce memory usage. Loaded Objects now: 2065.
Total: 2.523400 ms (FindLiveObjects: 0.418000 ms CreateObjectMapping: 0.118800 ms MarkObjects: 1.965900 ms  DeleteObjects: 0.019100 ms)

========================================================================
Received Prepare
Registering precompiled user dll's ...
Registered in 0.002533 seconds.
Begin MonoManager ReloadAssembly
Native extension for WindowsStandalone target not found
Native extension for WebGL target not found
Refreshing native plugins compatible for Editor in 0.39 ms, found 2 plugins.
Preloading 0 native plugins for Editor in 0.00 ms.
Mono: successfully reloaded assembly
- Completed reload, in  1.160 seconds
Platform modules already initialized, skipping
Refreshing native plugins compatible for Editor in 0.46 ms, found 2 plugins.
Preloading 0 native plugins for Editor in 0.00 ms.
Unloading 1518 Unused Serialized files (Serialized files now loaded: 0)
System memory in use before: 76.8 MB.
System memory in use after: 76.9 MB.

Unloading 13 unused Assets to reduce memory usage. Loaded Objects now: 2068.
Total: 2.144100 ms (FindLiveObjects: 0.283400 ms CreateObjectMapping: 0.093200 ms MarkObjects: 1.749100 ms  DeleteObjects: 0.016700 ms)

========================================================================
Received Prepare
Registering precompiled user dll's ...
Registered in 0.002389 seconds.
Begin MonoManager ReloadAssembly
Native extension for WindowsStandalone target not found
Native extension for WebGL target not found
Refreshing native plugins compatible for Editor in 0.58 ms, found 2 plugins.
Preloading 0 native plugins for Editor in 0.00 ms.
Mono: successfully reloaded assembly
- Completed reload, in  1.097 seconds
Platform modules already initialized, skipping
Refreshing native plugins compatible for Editor in 0.58 ms, found 2 plugins.
Preloading 0 native plugins for Editor in 0.00 ms.
Unloading 1518 Unused Serialized files (Serialized files now loaded: 0)
System memory in use before: 76.8 MB.
System memory in use after: 76.9 MB.

Unloading 13 unused Assets to reduce memory usage. Loaded Objects now: 2071.
Total: 2.216000 ms (FindLiveObjects: 0.256800 ms CreateObjectMapping: 0.052400 ms MarkObjects: 1.876100 ms  DeleteObjects: 0.028700 ms)

========================================================================
Received Prepare
Registering precompiled user dll's ...
Registered in 0.128825 seconds.
Begin MonoManager ReloadAssembly
Native extension for WindowsStandalone target not found
Native extension for WebGL target not found
Refreshing native plugins compatible for Editor in 0.55 ms, found 2 plugins.
Preloading 0 native plugins for Editor in 0.00 ms.
Mono: successfully reloaded assembly
- Completed reload, in  0.820 seconds
Platform modules already initialized, skipping
Refreshing native plugins compatible for Editor in 0.37 ms, found 2 plugins.
Preloading 0 native plugins for Editor in 0.00 ms.
Unloading 1518 Unused Serialized files (Serialized files now loaded: 0)
System memory in use before: 76.8 MB.
System memory in use after: 76.9 MB.

Unloading 13 unused Assets to reduce memory usage. Loaded Objects now: 2074.
Total: 1.857900 ms (FindLiveObjects: 0.152200 ms CreateObjectMapping: 0.036200 ms MarkObjects: 1.652800 ms  DeleteObjects: 0.015700 ms)

========================================================================
Received Prepare
Registering precompiled user dll's ...
Registered in 0.002349 seconds.
Begin MonoManager ReloadAssembly
Native extension for WindowsStandalone target not found
Native extension for WebGL target not found
Refreshing native plugins compatible for Editor in 0.36 ms, found 2 plugins.
Preloading 0 native plugins for Editor in 0.00 ms.
Mono: successfully reloaded assembly
- Completed reload, in  0.819 seconds
Platform modules already initialized, skipping
Refreshing native plugins compatible for Editor in 0.37 ms, found 2 plugins.
Preloading 0 native plugins for Editor in 0.00 ms.
Unloading 1518 Unused Serialized files (Serialized files now loaded: 0)
System memory in use before: 76.8 MB.
System memory in use after: 76.9 MB.

Unloading 13 unused Assets to reduce memory usage. Loaded Objects now: 2077.
Total: 1.837100 ms (FindLiveObjects: 0.155600 ms CreateObjectMapping: 0.044200 ms MarkObjects: 1.620500 ms  DeleteObjects: 0.015800 ms)

========================================================================
Received Prepare
Registering precompiled user dll's ...
Registered in 0.002278 seconds.
Begin MonoManager ReloadAssembly
Native extension for WindowsStandalone target not found
Native extension for WebGL target not found
Refreshing native plugins compatible for Editor in 0.35 ms, found 2 plugins.
Preloading 0 native plugins for Editor in 0.00 ms.
Mono: successfully reloaded assembly
- Completed reload, in  0.761 seconds
Platform modules already initialized, skipping
Refreshing native plugins compatible for Editor in 0.36 ms, found 2 plugins.
Preloading 0 native plugins for Editor in 0.00 ms.
Unloading 1518 Unused Serialized files (Serialized files now loaded: 0)
System memory in use before: 76.7 MB.
System memory in use after: 76.8 MB.

Unloading 13 unused Assets to reduce memory usage. Loaded Objects now: 2080.
Total: 1.729200 ms (FindLiveObjects: 0.160800 ms CreateObjectMapping: 0.048900 ms MarkObjects: 1.504200 ms  DeleteObjects: 0.014200 ms)

========================================================================
Received Prepare
Registering precompiled user dll's ...
Registered in 0.002574 seconds.
Begin MonoManager ReloadAssembly
Native extension for WindowsStandalone target not found
Native extension for WebGL target not found
Refreshing native plugins compatible for Editor in 0.39 ms, found 2 plugins.
Preloading 0 native plugins for Editor in 0.00 ms.
Mono: successfully reloaded assembly
- Completed reload, in  0.791 seconds
Platform modules already initialized, skipping
Refreshing native plugins compatible for Editor in 0.44 ms, found 2 plugins.
Preloading 0 native plugins for Editor in 0.00 ms.
Unloading 1518 Unused Serialized files (Serialized files now loaded: 0)
System memory in use before: 76.7 MB.
System memory in use after: 76.8 MB.

Unloading 13 unused Assets to reduce memory usage. Loaded Objects now: 2083.
Total: 1.829300 ms (FindLiveObjects: 0.154500 ms CreateObjectMapping: 0.036800 ms MarkObjects: 1.623200 ms  DeleteObjects: 0.014200 ms)

========================================================================
Received Prepare
Registering precompiled user dll's ...
Registered in 0.002357 seconds.
Begin MonoManager ReloadAssembly
Native extension for WindowsStandalone target not found
Native extension for WebGL target not found
Refreshing native plugins compatible for Editor in 0.35 ms, found 2 plugins.
Preloading 0 native plugins for Editor in 0.00 ms.
Mono: successfully reloaded assembly
- Completed reload, in  0.785 seconds
Platform modules already initialized, skipping
Refreshing native plugins compatible for Editor in 0.58 ms, found 2 plugins.
Preloading 0 native plugins for Editor in 0.00 ms.
Unloading 1518 Unused Serialized files (Serialized files now loaded: 0)
System memory in use before: 76.7 MB.
System memory in use after: 76.8 MB.

Unloading 13 unused Assets to reduce memory usage. Loaded Objects now: 2086.
Total: 2.336700 ms (FindLiveObjects: 0.326500 ms CreateObjectMapping: 0.059200 ms MarkObjects: 1.931800 ms  DeleteObjects: 0.018100 ms)

========================================================================
Received Prepare
Registering precompiled user dll's ...
Registered in 0.002340 seconds.
Begin MonoManager ReloadAssembly
Native extension for WindowsStandalone target not found
Native extension for WebGL target not found
Refreshing native plugins compatible for Editor in 0.35 ms, found 2 plugins.
Preloading 0 native plugins for Editor in 0.00 ms.
Mono: successfully reloaded assembly
- Completed reload, in  0.813 seconds
Platform modules already initialized, skipping
Refreshing native plugins compatible for Editor in 0.40 ms, found 2 plugins.
Preloading 0 native plugins for Editor in 0.00 ms.
Unloading 1518 Unused Serialized files (Serialized files now loaded: 0)
System memory in use before: 76.7 MB.
System memory in use after: 76.8 MB.

Unloading 13 unused Assets to reduce memory usage. Loaded Objects now: 2089.
Total: 1.848000 ms (FindLiveObjects: 0.168900 ms CreateObjectMapping: 0.050800 ms MarkObjects: 1.610800 ms  DeleteObjects: 0.016400 ms)

AssetImportWorkerClient::OnTransportError - code=2 error=End of file
